/home/runner/work/Wekeza/Wekeza/Core/Wekeza.Core.Application/Features/Accounts/Commands/VerifyBusinessAccount/VerifyBusinessAccountHandler.cs(21,26): error CS1729: 'NotFoundException' does not contain a constructor that takes 3 arguments [/home/runner/work/Wekeza/Wekeza/Core/Wekeza.Core.Application/Wekeza.Core.Application.csproj]
/home/runner/work/Wekeza/Wekeza/Core/Wekeza.Core.Application/Features/Accounts/Commands/DeactivateAccount/DeactivateAccountHandler.cs(24,17): error CS1061: 'Account' does not contain a definition for 'Deactivate' and no accessible extension method 'Deactivate' accepting a first argument of type 'Account' could be found (are you missing a using directive or an assembly reference?) [/home/runner/work/Wekeza/Wekeza/Core/Wekeza.Core.Application/Wekeza.Core.Application.csproj]
/home/runner/work/Wekeza/Wekeza/Core/Wekeza.Core.Application/Features/Accounts/Commands/FreezeAccount/FreezeAccountHandler.cs(26,26): error CS1729: 'NotFoundException' does not contain a constructor that takes 3 arguments [/home/runner/work/Wekeza/Wekeza/Core/Wekeza.Core.Application/Wekeza.Core.Application.csproj]
/home/runner/work/Wekeza/Wekeza/Core/Wekeza.Core.Application/Features/Accounts/Commands/Management/FreezeAccountHandler.cs(31,26): error CS1729: 'NotFoundException' does not contain a constructor that takes 3 arguments [/home/runner/work/Wekeza/Wekeza/Core/Wekeza.Core.Application/Wekeza.Core.Application.csproj]
/home/runner/work/Wekeza/Wekeza/Core/Wekeza.Core.Application/Features/Accounts/Commands/Management/CloseAccountHandler.cs(29,26): error CS1729: 'NotFoundException' does not contain a constructor that takes 3 arguments [/home/runner/work/Wekeza/Wekeza/Core/Wekeza.Core.Application/Wekeza.Core.Application.csproj]
/home/runner/work/Wekeza/Wekeza/Core/Wekeza.Core.Application/Features/Accounts/Commands/OpenAccount/OpenAccountHandler.cs(60,23): error CS0246: The type or namespace name 'NotFoundException' could not be found (are you missing a using directive or an assembly reference?) [/home/runner/work/Wekeza/Wekeza/Core/Wekeza.Core.Application/Wekeza.Core.Application.csproj]
/home/runner/work/Wekeza/Wekeza/Core/Wekeza.Core.Application/Features/Accounts/Commands/OpenAccount/OpenAccountHandler.cs(86,34): error CS1061: 'Customer' does not contain a definition for 'CIFNumber' and no accessible extension method 'CIFNumber' accepting a first argument of type 'Customer' could be found (are you missing a using directive or an assembly reference?) [/home/runner/work/Wekeza/Wekeza/Core/Wekeza.Core.Application/Wekeza.Core.Application.csproj]
/home/runner/work/Wekeza/Wekeza/Core/Wekeza.Core.Application/Features/Compliance/Commands/CreateAMLCase/CreateAMLCaseHandler.cs(64,60): error CS1061: 'ITransactionRepository' does not contain a definition for 'GetByIdAsync' and no accessible extension method 'GetByIdAsync' accepting a first argument of type 'ITransactionRepository' could be found (are you missing a using directive or an assembly reference?) [/home/runner/work/Wekeza/Wekeza/Core/Wekeza.Core.Application/Wekeza.Core.Application.csproj]
/home/runner/work/Wekeza/Wekeza/Core/Wekeza.Core.Application/Features/CIF/Queries/GetCustomer360View/GetCustomer360ViewHandler.cs(36,23): error CS1729: 'NotFoundException' does not contain a constructor that takes 3 arguments [/home/runner/work/Wekeza/Wekeza/Core/Wekeza.Core.Application/Wekeza.Core.Application.csproj]
/home/runner/work/Wekeza/Wekeza/Core/Wekeza.Core.Application/Features/CIF/Queries/GetCustomer360View/GetCustomer360ViewHandler.cs(45,24): error CS0029: Cannot implicitly convert type 'Wekeza.Core.Domain.ValueObjects.Currency' to 'string' [/home/runner/work/Wekeza/Wekeza/Core/Wekeza.Core.Application/Wekeza.Core.Application.csproj]
/home/runner/work/Wekeza/Wekeza/Core/Wekeza.Core.Application/Features/CIF/Queries/GetCustomer360View/GetCustomer360ViewHandler.cs(46,23): error CS0029: Cannot implicitly convert type 'Wekeza.Core.Domain.ValueObjects.Money' to 'decimal' [/home/runner/work/Wekeza/Wekeza/Core/Wekeza.Core.Application/Wekeza.Core.Application.csproj]
/home/runner/work/Wekeza/Wekeza/Core/Wekeza.Core.Application/Features/CIF/Queries/GetCustomer360View/GetCustomer360ViewHandler.cs(58,25): error CS0029: Cannot implicitly convert type 'Wekeza.Core.Domain.ValueObjects.Money' to 'decimal' [/home/runner/work/Wekeza/Wekeza/Core/Wekeza.Core.Application/Wekeza.Core.Application.csproj]
/home/runner/work/Wekeza/Wekeza/Core/Wekeza.Core.Application/Features/CIF/Queries/GetCustomer360View/GetCustomer360ViewHandler.cs(59,27): error CS0029: Cannot implicitly convert type 'Wekeza.Core.Domain.ValueObjects.Money' to 'decimal' [/home/runner/work/Wekeza/Wekeza/Core/Wekeza.Core.Application/Wekeza.Core.Application.csproj]
/home/runner/work/Wekeza/Wekeza/Core/Wekeza.Core.Application/Features/CIF/Queries/GetCustomer360View/GetCustomer360ViewHandler.cs(77,63): error CS1061: 'ITransactionRepository' does not contain a definition for 'GetRecentByCustomerIdAsync' and no accessible extension method 'GetRecentByCustomerIdAsync' accepting a first argument of type 'ITransactionRepository' could be found (are you missing a using directive or an assembly reference?) [/home/runner/work/Wekeza/Wekeza/Core/Wekeza.Core.Application/Wekeza.Core.Application.csproj]
/home/runner/work/Wekeza/Wekeza/Core/Wekeza.Core.Application/Features/FixedDeposits/BookFixedDepositHandler.cs(31,26): error CS1729: 'NotFoundException' does not contain a constructor that takes 3 arguments [/home/runner/work/Wekeza/Wekeza/Core/Wekeza.Core.Application/Wekeza.Core.Application.csproj]
/home/runner/work/Wekeza/Wekeza/Core/Wekeza.Core.Application/Features/FixedDeposits/BookFixedDepositHandler.cs(40,62): error CS1061: 'BookFixedDepositCommand' does not contain a definition for 'TermInMonths' and no accessible extension method 'TermInMonths' accepting a first argument of type 'BookFixedDepositCommand' could be found (are you missing a using directive or an assembly reference?) [/home/runner/work/Wekeza/Wekeza/Core/Wekeza.Core.Application/Wekeza.Core.Application.csproj]
/home/runner/work/Wekeza/Wekeza/Core/Wekeza.Core.Application/Features/FixedDeposits/BookFixedDepositHandler.cs(43,29): error CS0246: The type or namespace name 'FixedDeposit' could not be found (are you missing a using directive or an assembly reference?) [/home/runner/work/Wekeza/Wekeza/Core/Wekeza.Core.Application/Wekeza.Core.Application.csproj]
/home/runner/work/Wekeza/Wekeza/Core/Wekeza.Core.Application/Features/FixedDeposits/BookFixedDepositHandler.cs(47,21): error CS1061: 'BookFixedDepositCommand' does not contain a definition for 'AgreedInterestRate' and no accessible extension method 'AgreedInterestRate' accepting a first argument of type 'BookFixedDepositCommand' could be found (are you missing a using directive or an assembly reference?) [/home/runner/work/Wekeza/Wekeza/Core/Wekeza.Core.Application/Wekeza.Core.Application.csproj]
/home/runner/work/Wekeza/Wekeza/Core/Wekeza.Core.Application/Features/FixedDeposits/Commands/AccrueDailyInterest/AccrueDailyInterestHandler.cs(22,36): error CS1501: No overload for method 'GetByIdAsync' takes 2 arguments [/home/runner/work/Wekeza/Wekeza/Core/Wekeza.Core.Application/Wekeza.Core.Application.csproj]
/home/runner/work/Wekeza/Wekeza/Core/Wekeza.Core.Application/Features/GeneralLedger/Queries/GetTrialBalance/GetTrialBalanceHandler.cs(18,51): error CS1501: No overload for method 'GetLeafAccountsAsync' takes 1 arguments [/home/runner/work/Wekeza/Wekeza/Core/Wekeza.Core.Application/Wekeza.Core.Application.csproj]
/home/runner/work/Wekeza/Wekeza/Core/Wekeza.Core.Application/Features/GeneralLedger/Commands/PostJournalEntry/PostJournalEntryHandler.cs(30,81): error CS1503: Argument 1: cannot convert from 'System.Threading.CancellationToken' to 'Wekeza.Core.Domain.Enums.JournalType' [/home/runner/work/Wekeza/Wekeza/Core/Wekeza.Core.Application/Wekeza.Core.Application.csproj]
/home/runner/work/Wekeza/Wekeza/Core/Wekeza.Core.Application/Features/GeneralLedger/Commands/PostJournalEntry/PostJournalEntryHandler.cs(42,13): error CS0019: Operator '??' cannot be applied to operands of type 'Guid?' and 'string' [/home/runner/work/Wekeza/Wekeza/Core/Wekeza.Core.Application/Wekeza.Core.Application.csproj]
/home/runner/work/Wekeza/Wekeza/Core/Wekeza.Core.Application/Features/GeneralLedger/Commands/PostJournalEntry/PostJournalEntryHandler.cs(49,56): error CS1501: No overload for method 'GetByGLCodeAsync' takes 2 arguments [/home/runner/work/Wekeza/Wekeza/Core/Wekeza.Core.Application/Wekeza.Core.Application.csproj]
/home/runner/work/Wekeza/Wekeza/Core/Wekeza.Core.Application/Features/GeneralLedger/Commands/PostJournalEntry/PostJournalEntryHandler.cs(71,22): error CS0019: Operator '??' cannot be applied to operands of type 'Guid?' and 'string' [/home/runner/work/Wekeza/Wekeza/Core/Wekeza.Core.Application/Wekeza.Core.Application.csproj]
/home/runner/work/Wekeza/Wekeza/Core/Wekeza.Core.Application/Features/GeneralLedger/Commands/PostJournalEntry/PostJournalEntryHandler.cs(76,56): error CS1501: No overload for method 'GetByGLCodeAsync' takes 2 arguments [/home/runner/work/Wekeza/Wekeza/Core/Wekeza.Core.Application/Wekeza.Core.Application.csproj]
/home/runner/work/Wekeza/Wekeza/Core/Wekeza.Core.Application/Features/GeneralLedger/Queries/GetChartOfAccounts/GetChartOfAccountsHandler.cs(17,51): error CS1501: No overload for method 'GetChartOfAccountsAsync' takes 1 arguments [/home/runner/work/Wekeza/Wekeza/Core/Wekeza.Core.Application/Wekeza.Core.Application.csproj]
/home/runner/work/Wekeza/Wekeza/Core/Wekeza.Core.Application/Features/Instruments/Cards/Commands/WithdrawFromAtm/WithdrawFromAtmHandler.cs(33,26): error CS1729: 'NotFoundException' does not contain a constructor that takes 3 arguments [/home/runner/work/Wekeza/Wekeza/Core/Wekeza.Core.Application/Wekeza.Core.Application.csproj]
/home/runner/work/Wekeza/Wekeza/Core/Wekeza.Core.Application/Features/Instruments/Cards/Commands/WithdrawFromAtm/WithdrawFromAtmHandler.cs(44,26): error CS1729: 'NotFoundException' does not contain a constructor that takes 3 arguments [/home/runner/work/Wekeza/Wekeza/Core/Wekeza.Core.Application/Wekeza.Core.Application.csproj]
/home/runner/work/Wekeza/Wekeza/Core/Wekeza.Core.Application/Features/Instruments/Cards/Commands/WithdrawFromAtm/WithdrawFromAtmHandler.cs(61,29): error CS0117: 'TransactionType' does not contain a definition for 'Withdrawal' [/home/runner/work/Wekeza/Wekeza/Core/Wekeza.Core.Application/Wekeza.Core.Application.csproj]
/home/runner/work/Wekeza/Wekeza/Core/Wekeza.Core.Application/Features/Instruments/Cards/Commands/CancelCard/CancelCardHandler.cs(22,26): error CS1729: 'NotFoundException' does not contain a constructor that takes 3 arguments [/home/runner/work/Wekeza/Wekeza/Core/Wekeza.Core.Application/Wekeza.Core.Application.csproj]
/home/runner/work/Wekeza/Wekeza/Core/Wekeza.Core.Application/Features/GeneralLedger/Commands/CreateGLAccount/CreateGLAccountHandler.cs(27,49): error CS1061: 'IGLAccountRepository' does not contain a definition for 'ExistsByGLCodeAsync' and no accessible extension method 'ExistsByGLCodeAsync' accepting a first argument of type 'IGLAccountRepository' could be found (are you missing a using directive or an assembly reference?) [/home/runner/work/Wekeza/Wekeza/Core/Wekeza.Core.Application/Wekeza.Core.Application.csproj]
/home/runner/work/Wekeza/Wekeza/Core/Wekeza.Core.Application/Features/GeneralLedger/Commands/CreateGLAccount/CreateGLAccountHandler.cs(36,53): error CS1501: No overload for method 'GetByGLCodeAsync' takes 2 arguments [/home/runner/work/Wekeza/Wekeza/Core/Wekeza.Core.Application/Wekeza.Core.Application.csproj]
/home/runner/work/Wekeza/Wekeza/Core/Wekeza.Core.Application/Features/GeneralLedger/Commands/CreateGLAccount/CreateGLAccountHandler.cs(52,13): error CS0019: Operator '??' cannot be applied to operands of type 'Guid?' and 'string' [/home/runner/work/Wekeza/Wekeza/Core/Wekeza.Core.Application/Wekeza.Core.Application.csproj]
/home/runner/work/Wekeza/Wekeza/Core/Wekeza.Core.Application/Features/GeneralLedger/Commands/CreateGLAccount/CreateGLAccountHandler.cs(60,13): error CS0019: Operator '??' cannot be applied to operands of type 'Guid?' and 'string' [/home/runner/work/Wekeza/Wekeza/Core/Wekeza.Core.Application/Wekeza.Core.Application.csproj]
/home/runner/work/Wekeza/Wekeza/Core/Wekeza.Core.Application/Features/GeneralLedger/Commands/CreateGLAccount/CreateGLAccountHandler.cs(63,36): error CS1061: 'IGLAccountRepository' does not contain a definition for 'AddAsync' and no accessible extension method 'AddAsync' accepting a first argument of type 'IGLAccountRepository' could be found (are you missing a using directive or an assembly reference?) [/home/runner/work/Wekeza/Wekeza/Core/Wekeza.Core.Application/Wekeza.Core.Application.csproj]
/home/runner/work/Wekeza/Wekeza/Core/Wekeza.Core.Application/Features/Instruments/Cards/Commands/IssueCard/IssueCardHandler.cs(44,24): error CS1729: 'Card' does not contain a constructor that takes 5 arguments [/home/runner/work/Wekeza/Wekeza/Core/Wekeza.Core.Application/Wekeza.Core.Application.csproj]
/home/runner/work/Wekeza/Wekeza/Core/Wekeza.Core.Application/Features/CIF/Commands/CreateCorporateParty/CreateCorporatePartyHandler.cs(58,13): error CS0019: Operator '??' cannot be applied to operands of type 'Guid?' and 'string' [/home/runner/work/Wekeza/Wekeza/Core/Wekeza.Core.Application/Wekeza.Core.Application.csproj]
/home/runner/work/Wekeza/Wekeza/Core/Wekeza.Core.Application/Features/Loans/Commands/ProcessRepayment/ProcessRepaymentHandler.cs(58,54): error CS0019: Operator '??' cannot be applied to operands of type 'Guid?' and 'string' [/home/runner/work/Wekeza/Wekeza/Core/Wekeza.Core.Application/Wekeza.Core.Application.csproj]
/home/runner/work/Wekeza/Wekeza/Core/Wekeza.Core.Application/Features/Loans/Commands/ProcessRepayment/ProcessRepaymentHandler.cs(79,51): error CS0103: The name 'LoanStatus' does not exist in the current context [/home/runner/work/Wekeza/Wekeza/Core/Wekeza.Core.Application/Wekeza.Core.Application.csproj]
/home/runner/work/Wekeza/Wekeza/Core/Wekeza.Core.Application/Features/Loans/Commands/DisburseLoan/DisburseLoanHandler.cs(60,54): error CS0019: Operator '??' cannot be applied to operands of type 'Guid?' and 'string' [/home/runner/work/Wekeza/Wekeza/Core/Wekeza.Core.Application/Wekeza.Core.Application.csproj]
/home/runner/work/Wekeza/Wekeza/Core/Wekeza.Core.Application/Features/Products/Queries/GetProductDetails/GetProductDetailsHandler.cs(23,23): error CS1729: 'NotFoundException' does not contain a constructor that takes 3 arguments [/home/runner/work/Wekeza/Wekeza/Core/Wekeza.Core.Application/Wekeza.Core.Application.csproj]
/home/runner/work/Wekeza/Wekeza/Core/Wekeza.Core.Application/Features/Loans/Commands/ApproveLoan/ApproveLoanValidator.cs(13,24): error CS1061: 'ApproveLoanCommand' does not contain a definition for 'OfficerName' and no accessible extension method 'OfficerName' accepting a first argument of type 'ApproveLoanCommand' could be found (are you missing a using directive or an assembly reference?) [/home/runner/work/Wekeza/Wekeza/Core/Wekeza.Core.Application/Wekeza.Core.Application.csproj]
/home/runner/work/Wekeza/Wekeza/Core/Wekeza.Core.Application/Features/Loans/Commands/ApproveLoan/ApproveLoanHandler.cs(45,32): error CS0103: The name 'LoanStatus' does not exist in the current context [/home/runner/work/Wekeza/Wekeza/Core/Wekeza.Core.Application/Wekeza.Core.Application.csproj]
/home/runner/work/Wekeza/Wekeza/Core/Wekeza.Core.Application/Features/Loans/Commands/ApproveLoan/ApproveLoanHandler.cs(75,52): error CS0019: Operator '??' cannot be applied to operands of type 'Guid?' and 'string' [/home/runner/work/Wekeza/Wekeza/Core/Wekeza.Core.Application/Wekeza.Core.Application.csproj]
/home/runner/work/Wekeza/Wekeza/Core/Wekeza.Core.Application/Features/Loans/Commands/ApproveLoan/ApproveLoanHandler.cs(102,51): error CS1061: 'IWorkflowRepository' does not contain a definition for 'GetByEntityIdAsync' and no accessible extension method 'GetByEntityIdAsync' accepting a first argument of type 'IWorkflowRepository' could be found (are you missing a using directive or an assembly reference?) [/home/runner/work/Wekeza/Wekeza/Core/Wekeza.Core.Application/Wekeza.Core.Application.csproj]
/home/runner/work/Wekeza/Wekeza/Core/Wekeza.Core.Application/Features/Loans/Commands/ApproveLoan/ApproveLoanHandler.cs(103,73): error CS0103: The name 'WorkflowStatus' does not exist in the current context [/home/runner/work/Wekeza/Wekeza/Core/Wekeza.Core.Application/Wekeza.Core.Application.csproj]
/home/runner/work/Wekeza/Wekeza/Core/Wekeza.Core.Application/Features/Loans/Commands/ApproveLoan/ApproveLoanHandler.cs(109,33): error CS1061: 'IWorkflowRepository' does not contain a definition for 'UpdateWorkflow' and no accessible extension method 'UpdateWorkflow' accepting a first argument of type 'IWorkflowRepository' could be found (are you missing a using directive or an assembly reference?) [/home/runner/work/Wekeza/Wekeza/Core/Wekeza.Core.Application/Wekeza.Core.Application.csproj]
/home/runner/work/Wekeza/Wekeza/Core/Wekeza.Core.Application/Features/Products/Commands/ActivateProduct/ActivateProductHandler.cs(30,23): error CS1729: 'NotFoundException' does not contain a constructor that takes 3 arguments [/home/runner/work/Wekeza/Wekeza/Core/Wekeza.Core.Application/Wekeza.Core.Application.csproj]
/home/runner/work/Wekeza/Wekeza/Core/Wekeza.Core.Application/Features/Products/Commands/ActivateProduct/ActivateProductHandler.cs(33,26): error CS0019: Operator '??' cannot be applied to operands of type 'Guid?' and 'string' [/home/runner/work/Wekeza/Wekeza/Core/Wekeza.Core.Application/Wekeza.Core.Application.csproj]
/home/runner/work/Wekeza/Wekeza/Core/Wekeza.Core.Application/Features/Payments/Commands/ProcessPayment/ProcessPaymentHandler.cs(51,36): error CS0104: 'WorkflowType' is an ambiguous reference between 'Wekeza.Core.Domain.Aggregates.WorkflowType' and 'Wekeza.Core.Domain.Enums.WorkflowType' [/home/runner/work/Wekeza/Wekeza/Core/Wekeza.Core.Application/Wekeza.Core.Application.csproj]
/home/runner/work/Wekeza/Wekeza/Core/Wekeza.Core.Application/Features/Payments/Commands/ProcessPayment/ProcessPaymentHandler.cs(56,21): error CS0117: 'InitiateWorkflowCommand' does not contain a definition for 'Description' [/home/runner/work/Wekeza/Wekeza/Core/Wekeza.Core.Application/Wekeza.Core.Application.csproj]
/home/runner/work/Wekeza/Wekeza/Core/Wekeza.Core.Application/Features/Payments/Commands/ProcessPayment/ProcessPaymentHandler.cs(57,32): error CS0266: Cannot implicitly convert type 'Wekeza.Core.Domain.Enums.WorkflowPriority' to 'Wekeza.Core.Domain.Enums.Priority'. An explicit conversion exists (are you missing a cast?) [/home/runner/work/Wekeza/Wekeza/Core/Wekeza.Core.Application/Wekeza.Core.Application.csproj]
/home/runner/work/Wekeza/Wekeza/Core/Wekeza.Core.Application/Features/Payments/Commands/ProcessPayment/ProcessPaymentHandler.cs(58,21): error CS0117: 'InitiateWorkflowCommand' does not contain a definition for 'RequestedBy' [/home/runner/work/Wekeza/Wekeza/Core/Wekeza.Core.Application/Wekeza.Core.Application.csproj]
/home/runner/work/Wekeza/Wekeza/Core/Wekeza.Core.Application/Features/Payments/Commands/ProcessPayment/ProcessPaymentHandler.cs(62,65): error CS1061: 'Result<Guid>' does not contain a definition for 'WorkflowInstanceId' and no accessible extension method 'WorkflowInstanceId' accepting a first argument of type 'Result<Guid>' could be found (are you missing a using directive or an assembly reference?) [/home/runner/work/Wekeza/Wekeza/Core/Wekeza.Core.Application/Wekeza.Core.Application.csproj]
/home/runner/work/Wekeza/Wekeza/Core/Wekeza.Core.Application/Features/Payments/Commands/ProcessPayment/ProcessPaymentHandler.cs(73,57): error CS1061: 'Result<Guid>' does not contain a definition for 'WorkflowInstanceId' and no accessible extension method 'WorkflowInstanceId' accepting a first argument of type 'Result<Guid>' could be found (are you missing a using directive or an assembly reference?) [/home/runner/work/Wekeza/Wekeza/Core/Wekeza.Core.Application/Wekeza.Core.Application.csproj]
/home/runner/work/Wekeza/Wekeza/Core/Wekeza.Core.Application/Features/Loans/Commands/ApplyForLoan/ApplyForLoanHandler.cs(70,63): error CS1061: 'LimitConfiguration' does not contain a definition for 'MinAmount' and no accessible extension method 'MinAmount' accepting a first argument of type 'LimitConfiguration' could be found (are you missing a using directive or an assembly reference?) [/home/runner/work/Wekeza/Wekeza/Core/Wekeza.Core.Application/Wekeza.Core.Application.csproj]
/home/runner/work/Wekeza/Wekeza/Core/Wekeza.Core.Application/Features/Loans/Commands/ApplyForLoan/ApplyForLoanHandler.cs(72,112): error CS1061: 'LimitConfiguration' does not contain a definition for 'MinAmount' and no accessible extension method 'MinAmount' accepting a first argument of type 'LimitConfiguration' could be found (are you missing a using directive or an assembly reference?) [/home/runner/work/Wekeza/Wekeza/Core/Wekeza.Core.Application/Wekeza.Core.Application.csproj]
/home/runner/work/Wekeza/Wekeza/Core/Wekeza.Core.Application/Features/Loans/Commands/ApplyForLoan/ApplyForLoanHandler.cs(75,66): error CS1061: 'LimitConfiguration' does not contain a definition for 'MaxAmount' and no accessible extension method 'MaxAmount' accepting a first argument of type 'LimitConfiguration' could be found (are you missing a using directive or an assembly reference?) [/home/runner/work/Wekeza/Wekeza/Core/Wekeza.Core.Application/Wekeza.Core.Application.csproj]
/home/runner/work/Wekeza/Wekeza/Core/Wekeza.Core.Application/Features/Loans/Commands/ApplyForLoan/ApplyForLoanHandler.cs(77,114): error CS1061: 'LimitConfiguration' does not contain a definition for 'MaxAmount' and no accessible extension method 'MaxAmount' accepting a first argument of type 'LimitConfiguration' could be found (are you missing a using directive or an assembly reference?) [/home/runner/work/Wekeza/Wekeza/Core/Wekeza.Core.Application/Wekeza.Core.Application.csproj]
/home/runner/work/Wekeza/Wekeza/Core/Wekeza.Core.Application/Features/Loans/Commands/ApplyForLoan/ApplyForLoanHandler.cs(82,31): error CS0019: Operator '??' cannot be applied to operands of type 'Guid?' and 'string' [/home/runner/work/Wekeza/Wekeza/Core/Wekeza.Core.Application/Wekeza.Core.Application.csproj]
/home/runner/work/Wekeza/Wekeza/Core/Wekeza.Core.Application/Features/Loans/Commands/ApplyForLoan/ApplyForLoanHandler.cs(190,56): error CS1061: 'IWorkflowRepository' does not contain a definition for 'GetApprovalMatrixAsync' and no accessible extension method 'GetApprovalMatrixAsync' accepting a first argument of type 'IWorkflowRepository' could be found (are you missing a using directive or an assembly reference?) [/home/runner/work/Wekeza/Wekeza/Core/Wekeza.Core.Application/Wekeza.Core.Application.csproj]
/home/runner/work/Wekeza/Wekeza/Core/Wekeza.Core.Application/Features/Loans/Commands/ApplyForLoan/ApplyForLoanHandler.cs(203,39): error CS1061: 'IWorkflowRepository' does not contain a definition for 'AddWorkflowAsync' and no accessible extension method 'AddWorkflowAsync' accepting a first argument of type 'IWorkflowRepository' could be found (are you missing a using directive or an assembly reference?) [/home/runner/work/Wekeza/Wekeza/Core/Wekeza.Core.Application/Wekeza.Core.Application.csproj]
/home/runner/work/Wekeza/Wekeza/Core/Wekeza.Core.Application/Features/Reporting/Commands/GenerateRegulatoryReport/GenerateRegulatoryReportHandler.cs(137,49): error CS1061: 'IAccountRepository' does not contain a definition for 'GetAccountsByDateRangeAsync' and no accessible extension method 'GetAccountsByDateRangeAsync' accepting a first argument of type 'IAccountRepository' could be found (are you missing a using directive or an assembly reference?) [/home/runner/work/Wekeza/Wekeza/Core/Wekeza.Core.Application/Wekeza.Core.Application.csproj]
/home/runner/work/Wekeza/Wekeza/Core/Wekeza.Core.Application/Features/Reporting/Commands/GenerateRegulatoryReport/GenerateRegulatoryReportHandler.cs(149,43): error CS1061: 'ILoanRepository' does not contain a definition for 'GetLoansByDateRangeAsync' and no accessible extension method 'GetLoansByDateRangeAsync' accepting a first argument of type 'ILoanRepository' could be found (are you missing a using directive or an assembly reference?) [/home/runner/work/Wekeza/Wekeza/Core/Wekeza.Core.Application/Wekeza.Core.Application.csproj]
/home/runner/work/Wekeza/Wekeza/Core/Wekeza.Core.Application/Features/Payments/Commands/ProcessPayment/ProcessPaymentHandler.cs(162,13): error CS1503: Argument 5: cannot convert from 'System.Guid?' to 'string' [/home/runner/work/Wekeza/Wekeza/Core/Wekeza.Core.Application/Wekeza.Core.Application.csproj]
/home/runner/work/Wekeza/Wekeza/Core/Wekeza.Core.Application/Features/Reporting/Commands/GenerateRegulatoryReport/GenerateRegulatoryReportHandler.cs(167,57): error CS1061: 'ITransactionRepository' does not contain a definition for 'GetTransactionsByDateRangeAsync' and no accessible extension method 'GetTransactionsByDateRangeAsync' accepting a first argument of type 'ITransactionRepository' could be found (are you missing a using directive or an assembly reference?) [/home/runner/work/Wekeza/Wekeza/Core/Wekeza.Core.Application/Wekeza.Core.Application.csproj]
/home/runner/work/Wekeza/Wekeza/Core/Wekeza.Core.Application/Features/Payments/Commands/ProcessPayment/ProcessPaymentHandler.cs(199,13): error CS1503: Argument 9: cannot convert from 'System.Guid?' to 'string' [/home/runner/work/Wekeza/Wekeza/Core/Wekeza.Core.Application/Wekeza.Core.Application.csproj]
/home/runner/work/Wekeza/Wekeza/Core/Wekeza.Core.Application/Features/Payments/Commands/ProcessPayment/ProcessPaymentHandler.cs(209,31): error CS1503: Argument 2: cannot convert from 'System.Guid?' to 'string' [/home/runner/work/Wekeza/Wekeza/Core/Wekeza.Core.Application/Wekeza.Core.Application.csproj]
/home/runner/work/Wekeza/Wekeza/Core/Wekeza.Core.Application/Features/Payments/Commands/ProcessPayment/ProcessPaymentHandler.cs(211,31): error CS1503: Argument 2: cannot convert from 'System.Guid?' to 'string' [/home/runner/work/Wekeza/Wekeza/Core/Wekeza.Core.Application/Wekeza.Core.Application.csproj]
/home/runner/work/Wekeza/Wekeza/Core/Wekeza.Core.Application/Features/Reporting/Commands/GenerateRegulatoryReport/GenerateRegulatoryReportHandler.cs(198,57): error CS1061: 'ITransactionRepository' does not contain a definition for 'GetTransactionsByDateRangeAsync' and no accessible extension method 'GetTransactionsByDateRangeAsync' accepting a first argument of type 'ITransactionRepository' could be found (are you missing a using directive or an assembly reference?) [/home/runner/work/Wekeza/Wekeza/Core/Wekeza.Core.Application/Wekeza.Core.Application.csproj]
/home/runner/work/Wekeza/Wekeza/Core/Wekeza.Core.Application/Features/Teller/Commands/StartTellerSession/StartTellerSessionHandler.cs(61,21): error CS0019: Operator '??' cannot be applied to operands of type 'Guid?' and 'string' [/home/runner/work/Wekeza/Wekeza/Core/Wekeza.Core.Application/Wekeza.Core.Application.csproj]
/home/runner/work/Wekeza/Wekeza/Core/Wekeza.Core.Application/Features/Teller/Commands/StartTellerSession/StartTellerSessionHandler.cs(82,31): error CS0019: Operator '??' cannot be applied to operands of type 'Guid?' and 'string' [/home/runner/work/Wekeza/Wekeza/Core/Wekeza.Core.Application/Wekeza.Core.Application.csproj]
/home/runner/work/Wekeza/Wekeza/Core/Wekeza.Core.Application/Features/Teller/Commands/StartSession/StartTellerSessionHandler.cs(38,50): error CS1501: No overload for method 'GetByIdAsync' takes 2 arguments [/home/runner/work/Wekeza/Wekeza/Core/Wekeza.Core.Application/Wekeza.Core.Application.csproj]
/home/runner/work/Wekeza/Wekeza/Core/Wekeza.Core.Application/Features/Teller/Commands/StartSession/StartTellerSessionHandler.cs(45,66): error CS1061: 'ITellerSessionRepository' does not contain a definition for 'GetActiveSessionByUserAsync' and no accessible extension method 'GetActiveSessionByUserAsync' accepting a first argument of type 'ITellerSessionRepository' could be found (are you missing a using directive or an assembly reference?) [/home/runner/work/Wekeza/Wekeza/Core/Wekeza.Core.Application/Wekeza.Core.Application.csproj]
/home/runner/work/Wekeza/Wekeza/Core/Wekeza.Core.Application/Features/Teller/Commands/StartSession/StartTellerSessionHandler.cs(57,17): error CS1739: The best overload for 'Create' does not have a parameter named 'workstationId' [/home/runner/work/Wekeza/Wekeza/Core/Wekeza.Core.Application/Wekeza.Core.Application.csproj]
/home/runner/work/Wekeza/Wekeza/Core/Wekeza.Core.Application/Features/Teller/Commands/StartSession/StartTellerSessionHandler.cs(64,28): error CS1061: 'CashDrawer' does not contain a definition for 'SetDenomination' and no accessible extension method 'SetDenomination' accepting a first argument of type 'CashDrawer' could be found (are you missing a using directive or an assembly reference?) [/home/runner/work/Wekeza/Wekeza/Core/Wekeza.Core.Application/Wekeza.Core.Application.csproj]
/home/runner/work/Wekeza/Wekeza/Core/Wekeza.Core.Application/Features/Teller/Commands/StartSession/StartTellerSessionHandler.cs(71,17): error CS1739: The best overload for 'Start' does not have a parameter named 'workstationId' [/home/runner/work/Wekeza/Wekeza/Core/Wekeza.Core.Application/Wekeza.Core.Application.csproj]
/home/runner/work/Wekeza/Wekeza/Core/Wekeza.Core.Application/Features/Products/Commands/CreateProduct/CreateProductHandler.cs(40,17): error CS0019: Operator '??' cannot be applied to operands of type 'Guid?' and 'string' [/home/runner/work/Wekeza/Wekeza/Core/Wekeza.Core.Application/Wekeza.Core.Application.csproj]
/home/runner/work/Wekeza/Wekeza/Core/Wekeza.Core.Application/Features/Products/Commands/CreateProduct/CreateProductHandler.cs(46,17): error CS0019: Operator '??' cannot be applied to operands of type 'Guid?' and 'string' [/home/runner/work/Wekeza/Wekeza/Core/Wekeza.Core.Application/Wekeza.Core.Application.csproj]
/home/runner/work/Wekeza/Wekeza/Core/Wekeza.Core.Application/Features/TradeFinance/Queries/GetLCDetails/GetLCDetailsHandler.cs(49,24): error CS0029: Cannot implicitly convert type 'Wekeza.Core.Domain.ValueObjects.Currency' to 'string' [/home/runner/work/Wekeza/Wekeza/Core/Wekeza.Core.Application/Wekeza.Core.Application.csproj]
/home/runner/work/Wekeza/Wekeza/Core/Wekeza.Core.Application/Features/Transactions/Commands/WithdrawFunds/WithdrawFundsHandler.cs(26,26): error CS1729: 'NotFoundException' does not contain a constructor that takes 3 arguments [/home/runner/work/Wekeza/Wekeza/Core/Wekeza.Core.Application/Wekeza.Core.Application.csproj]
/home/runner/work/Wekeza/Wekeza/Core/Wekeza.Core.Application/Features/Transactions/Queries/GetStatement/GetStatementValidator.cs(15,24): error CS1061: 'GetStatementQuery' does not contain a definition for 'AccountNumber' and no accessible extension method 'AccountNumber' accepting a first argument of type 'GetStatementQuery' could be found (are you missing a using directive or an assembly reference?) [/home/runner/work/Wekeza/Wekeza/Core/Wekeza.Core.Application/Wekeza.Core.Application.csproj]
/home/runner/work/Wekeza/Wekeza/Core/Wekeza.Core.Application/Features/Transactions/Queries/GetStatement/GetStatementHandler.cs(23,61): error CS1061: 'ITransactionRepository' does not contain a definition for 'GetByAccountAsync' and no accessible extension method 'GetByAccountAsync' accepting a first argument of type 'ITransactionRepository' could be found (are you missing a using directive or an assembly reference?) [/home/runner/work/Wekeza/Wekeza/Core/Wekeza.Core.Application/Wekeza.Core.Application.csproj]
/home/runner/work/Wekeza/Wekeza/Core/Wekeza.Core.Application/Features/Transactions/Commands/TransferFunds/TransferFundsHandlerWithNexus.cs(47,29): error CS1061: 'TransferFundsCommand' does not contain a definition for 'UserId' and no accessible extension method 'UserId' accepting a first argument of type 'TransferFundsCommand' could be found (are you missing a using directive or an assembly reference?) [/home/runner/work/Wekeza/Wekeza/Core/Wekeza.Core.Application/Wekeza.Core.Application.csproj]
/home/runner/work/Wekeza/Wekeza/Core/Wekeza.Core.Application/Features/Transactions/Commands/TransferFunds/TransferFundsHandlerWithNexus.cs(54,33): error CS1061: 'TransferFundsCommand' does not contain a definition for 'DeviceInfo' and no accessible extension method 'DeviceInfo' accepting a first argument of type 'TransferFundsCommand' could be found (are you missing a using directive or an assembly reference?) [/home/runner/work/Wekeza/Wekeza/Core/Wekeza.Core.Application/Wekeza.Core.Application.csproj]
/home/runner/work/Wekeza/Wekeza/Core/Wekeza.Core.Application/Features/Transactions/Commands/TransferFunds/TransferFundsHandlerWithNexus.cs(55,37): error CS1061: 'TransferFundsCommand' does not contain a definition for 'BehavioralData' and no accessible extension method 'BehavioralData' accepting a first argument of type 'TransferFundsCommand' could be found (are you missing a using directive or an assembly reference?) [/home/runner/work/Wekeza/Wekeza/Core/Wekeza.Core.Application/Wekeza.Core.Application.csproj]
/home/runner/work/Wekeza/Wekeza/Core/Wekeza.Core.Application/Features/Transactions/Commands/TransferFunds/TransferFundsHandlerWithNexus.cs(56,30): error CS1061: 'TransferFundsCommand' does not contain a definition for 'Channel' and no accessible extension method 'Channel' accepting a first argument of type 'TransferFundsCommand' could be found (are you missing a using directive or an assembly reference?) [/home/runner/work/Wekeza/Wekeza/Core/Wekeza.Core.Application/Wekeza.Core.Application.csproj]
/home/runner/work/Wekeza/Wekeza/Core/Wekeza.Core.Application/Features/Transactions/Commands/TransferFunds/TransferFundsHandlerWithNexus.cs(57,32): error CS1061: 'TransferFundsCommand' does not contain a definition for 'SessionId' and no accessible extension method 'SessionId' accepting a first argument of type 'TransferFundsCommand' could be found (are you missing a using directive or an assembly reference?) [/home/runner/work/Wekeza/Wekeza/Core/Wekeza.Core.Application/Wekeza.Core.Application.csproj]
/home/runner/work/Wekeza/Wekeza/Core/Wekeza.Core.Application/Features/TradeFinance/Commands/IssueLCCommand/IssueLCHandler.cs(30,43): error CS1503: Argument 1: cannot convert from 'string' to 'System.Collections.Generic.IEnumerable<FluentValidation.Results.ValidationFailure>' [/home/runner/work/Wekeza/Wekeza/Core/Wekeza.Core.Application/Wekeza.Core.Application.csproj]
/home/runner/work/Wekeza/Wekeza/Core/Wekeza.Core.Application/Features/TradeFinance/Commands/IssueLCCommand/IssueLCHandler.cs(48,48): error CS1503: Argument 2: cannot convert from 'string' to 'Wekeza.Core.Domain.ValueObjects.Currency' [/home/runner/work/Wekeza/Wekeza/Core/Wekeza.Core.Application/Wekeza.Core.Application.csproj]
/home/runner/work/Wekeza/Wekeza/Core/Wekeza.Core.Application/Features/TradeFinance/Commands/IssueLCCommand/IssueLCHandler.cs(60,13): error CS1503: Argument 9: cannot convert from 'Wekeza.Core.Domain.Enums.LCType' to 'Wekeza.Core.Domain.Aggregates.LCType' [/home/runner/work/Wekeza/Wekeza/Core/Wekeza.Core.Application/Wekeza.Core.Application.csproj]
/home/runner/work/Wekeza/Wekeza/Core/Wekeza.Core.Application/Features/TradeFinance/Commands/IssueBGCommand/IssueBGHandler.cs(30,43): error CS1503: Argument 1: cannot convert from 'string' to 'System.Collections.Generic.IEnumerable<FluentValidation.Results.ValidationFailure>' [/home/runner/work/Wekeza/Wekeza/Core/Wekeza.Core.Application/Wekeza.Core.Application.csproj]
/home/runner/work/Wekeza/Wekeza/Core/Wekeza.Core.Application/Features/TradeFinance/Commands/IssueBGCommand/IssueBGHandler.cs(48,48): error CS1503: Argument 2: cannot convert from 'string' to 'Wekeza.Core.Domain.ValueObjects.Currency' [/home/runner/work/Wekeza/Wekeza/Core/Wekeza.Core.Application/Wekeza.Core.Application.csproj]
/home/runner/work/Wekeza/Wekeza/Core/Wekeza.Core.Application/Features/TradeFinance/Commands/IssueLCCommand/IssueLCCommand.cs(20,48): error CS0117: 'LCType' does not contain a definition for 'Irrevocable' [/home/runner/work/Wekeza/Wekeza/Core/Wekeza.Core.Application/Wekeza.Core.Application.csproj]
/home/runner/work/Wekeza/Wekeza/Core/Wekeza.Core.Application/Features/Transactions/Commands/DepositCheque/DepositChequeHandler.cs(27,26): error CS1729: 'NotFoundException' does not contain a constructor that takes 3 arguments [/home/runner/work/Wekeza/Wekeza/Core/Wekeza.Core.Application/Wekeza.Core.Application.csproj]
/home/runner/work/Wekeza/Wekeza/Core/Wekeza.Core.Application/Features/Transactions/Commands/DepositFunds/DepositFundsHandler.cs(28,26): error CS1729: 'NotFoundException' does not contain a constructor that takes 3 arguments [/home/runner/work/Wekeza/Wekeza/Core/Wekeza.Core.Application/Wekeza.Core.Application.csproj]
/home/runner/work/Wekeza/Wekeza/Core/Wekeza.Core.Application/Features/Transactions/Commands/DepositFunds/DepositFundsHandler.cs(45,29): error CS0117: 'TransactionType' does not contain a definition for 'Deposit' [/home/runner/work/Wekeza/Wekeza/Core/Wekeza.Core.Application/Wekeza.Core.Application.csproj]
/home/runner/work/Wekeza/Wekeza/Core/Wekeza.Core.Application/Features/Accounts/Commands/VerifyBusinessAccount/VerifyBusinessAccountHandler.cs(21,26): error CS1729: 'NotFoundException' does not contain a constructor that takes 3 arguments [/home/runner/work/Wekeza/Wekeza/Core/Wekeza.Core.Application/Wekeza.Core.Application.csproj]
/home/runner/work/Wekeza/Wekeza/Core/Wekeza.Core.Application/Features/Accounts/Commands/DeactivateAccount/DeactivateAccountHandler.cs(24,17): error CS1061: 'Account' does not contain a definition for 'Deactivate' and no accessible extension method 'Deactivate' accepting a first argument of type 'Account' could be found (are you missing a using directive or an assembly reference?) [/home/runner/work/Wekeza/Wekeza/Core/Wekeza.Core.Application/Wekeza.Core.Application.csproj]
/home/runner/work/Wekeza/Wekeza/Core/Wekeza.Core.Application/Features/Accounts/Commands/FreezeAccount/FreezeAccountHandler.cs(26,26): error CS1729: 'NotFoundException' does not contain a constructor that takes 3 arguments [/home/runner/work/Wekeza/Wekeza/Core/Wekeza.Core.Application/Wekeza.Core.Application.csproj]
/home/runner/work/Wekeza/Wekeza/Core/Wekeza.Core.Application/Features/Accounts/Commands/Management/FreezeAccountHandler.cs(31,26): error CS1729: 'NotFoundException' does not contain a constructor that takes 3 arguments [/home/runner/work/Wekeza/Wekeza/Core/Wekeza.Core.Application/Wekeza.Core.Application.csproj]
/home/runner/work/Wekeza/Wekeza/Core/Wekeza.Core.Application/Features/Accounts/Commands/Management/CloseAccountHandler.cs(29,26): error CS1729: 'NotFoundException' does not contain a constructor that takes 3 arguments [/home/runner/work/Wekeza/Wekeza/Core/Wekeza.Core.Application/Wekeza.Core.Application.csproj]
/home/runner/work/Wekeza/Wekeza/Core/Wekeza.Core.Application/Features/Accounts/Commands/OpenAccount/OpenAccountHandler.cs(60,23): error CS0246: The type or namespace name 'NotFoundException' could not be found (are you missing a using directive or an assembly reference?) [/home/runner/work/Wekeza/Wekeza/Core/Wekeza.Core.Application/Wekeza.Core.Application.csproj]
/home/runner/work/Wekeza/Wekeza/Core/Wekeza.Core.Application/Features/Accounts/Commands/OpenAccount/OpenAccountHandler.cs(86,34): error CS1061: 'Customer' does not contain a definition for 'CIFNumber' and no accessible extension method 'CIFNumber' accepting a first argument of type 'Customer' could be found (are you missing a using directive or an assembly reference?) [/home/runner/work/Wekeza/Wekeza/Core/Wekeza.Core.Application/Wekeza.Core.Application.csproj]
/home/runner/work/Wekeza/Wekeza/Core/Wekeza.Core.Application/Features/Compliance/Commands/CreateAMLCase/CreateAMLCaseHandler.cs(64,60): error CS1061: 'ITransactionRepository' does not contain a definition for 'GetByIdAsync' and no accessible extension method 'GetByIdAsync' accepting a first argument of type 'ITransactionRepository' could be found (are you missing a using directive or an assembly reference?) [/home/runner/work/Wekeza/Wekeza/Core/Wekeza.Core.Application/Wekeza.Core.Application.csproj]
/home/runner/work/Wekeza/Wekeza/Core/Wekeza.Core.Application/Features/CIF/Queries/GetCustomer360View/GetCustomer360ViewHandler.cs(36,23): error CS1729: 'NotFoundException' does not contain a constructor that takes 3 arguments [/home/runner/work/Wekeza/Wekeza/Core/Wekeza.Core.Application/Wekeza.Core.Application.csproj]
/home/runner/work/Wekeza/Wekeza/Core/Wekeza.Core.Application/Features/CIF/Queries/GetCustomer360View/GetCustomer360ViewHandler.cs(45,24): error CS0029: Cannot implicitly convert type 'Wekeza.Core.Domain.ValueObjects.Currency' to 'string' [/home/runner/work/Wekeza/Wekeza/Core/Wekeza.Core.Application/Wekeza.Core.Application.csproj]
/home/runner/work/Wekeza/Wekeza/Core/Wekeza.Core.Application/Features/CIF/Queries/GetCustomer360View/GetCustomer360ViewHandler.cs(46,23): error CS0029: Cannot implicitly convert type 'Wekeza.Core.Domain.ValueObjects.Money' to 'decimal' [/home/runner/work/Wekeza/Wekeza/Core/Wekeza.Core.Application/Wekeza.Core.Application.csproj]
/home/runner/work/Wekeza/Wekeza/Core/Wekeza.Core.Application/Features/CIF/Queries/GetCustomer360View/GetCustomer360ViewHandler.cs(58,25): error CS0029: Cannot implicitly convert type 'Wekeza.Core.Domain.ValueObjects.Money' to 'decimal' [/home/runner/work/Wekeza/Wekeza/Core/Wekeza.Core.Application/Wekeza.Core.Application.csproj]
/home/runner/work/Wekeza/Wekeza/Core/Wekeza.Core.Application/Features/CIF/Queries/GetCustomer360View/GetCustomer360ViewHandler.cs(59,27): error CS0029: Cannot implicitly convert type 'Wekeza.Core.Domain.ValueObjects.Money' to 'decimal' [/home/runner/work/Wekeza/Wekeza/Core/Wekeza.Core.Application/Wekeza.Core.Application.csproj]
/home/runner/work/Wekeza/Wekeza/Core/Wekeza.Core.Application/Features/CIF/Queries/GetCustomer360View/GetCustomer360ViewHandler.cs(77,63): error CS1061: 'ITransactionRepository' does not contain a definition for 'GetRecentByCustomerIdAsync' and no accessible extension method 'GetRecentByCustomerIdAsync' accepting a first argument of type 'ITransactionRepository' could be found (are you missing a using directive or an assembly reference?) [/home/runner/work/Wekeza/Wekeza/Core/Wekeza.Core.Application/Wekeza.Core.Application.csproj]
/home/runner/work/Wekeza/Wekeza/Core/Wekeza.Core.Application/Features/FixedDeposits/BookFixedDepositHandler.cs(31,26): error CS1729: 'NotFoundException' does not contain a constructor that takes 3 arguments [/home/runner/work/Wekeza/Wekeza/Core/Wekeza.Core.Application/Wekeza.Core.Application.csproj]
/home/runner/work/Wekeza/Wekeza/Core/Wekeza.Core.Application/Features/FixedDeposits/BookFixedDepositHandler.cs(40,62): error CS1061: 'BookFixedDepositCommand' does not contain a definition for 'TermInMonths' and no accessible extension method 'TermInMonths' accepting a first argument of type 'BookFixedDepositCommand' could be found (are you missing a using directive or an assembly reference?) [/home/runner/work/Wekeza/Wekeza/Core/Wekeza.Core.Application/Wekeza.Core.Application.csproj]
/home/runner/work/Wekeza/Wekeza/Core/Wekeza.Core.Application/Features/FixedDeposits/BookFixedDepositHandler.cs(43,29): error CS0246: The type or namespace name 'FixedDeposit' could not be found (are you missing a using directive or an assembly reference?) [/home/runner/work/Wekeza/Wekeza/Core/Wekeza.Core.Application/Wekeza.Core.Application.csproj]
/home/runner/work/Wekeza/Wekeza/Core/Wekeza.Core.Application/Features/FixedDeposits/BookFixedDepositHandler.cs(47,21): error CS1061: 'BookFixedDepositCommand' does not contain a definition for 'AgreedInterestRate' and no accessible extension method 'AgreedInterestRate' accepting a first argument of type 'BookFixedDepositCommand' could be found (are you missing a using directive or an assembly reference?) [/home/runner/work/Wekeza/Wekeza/Core/Wekeza.Core.Application/Wekeza.Core.Application.csproj]
/home/runner/work/Wekeza/Wekeza/Core/Wekeza.Core.Application/Features/FixedDeposits/Commands/AccrueDailyInterest/AccrueDailyInterestHandler.cs(22,36): error CS1501: No overload for method 'GetByIdAsync' takes 2 arguments [/home/runner/work/Wekeza/Wekeza/Core/Wekeza.Core.Application/Wekeza.Core.Application.csproj]
/home/runner/work/Wekeza/Wekeza/Core/Wekeza.Core.Application/Features/GeneralLedger/Queries/GetTrialBalance/GetTrialBalanceHandler.cs(18,51): error CS1501: No overload for method 'GetLeafAccountsAsync' takes 1 arguments [/home/runner/work/Wekeza/Wekeza/Core/Wekeza.Core.Application/Wekeza.Core.Application.csproj]
/home/runner/work/Wekeza/Wekeza/Core/Wekeza.Core.Application/Features/GeneralLedger/Commands/PostJournalEntry/PostJournalEntryHandler.cs(30,81): error CS1503: Argument 1: cannot convert from 'System.Threading.CancellationToken' to 'Wekeza.Core.Domain.Enums.JournalType' [/home/runner/work/Wekeza/Wekeza/Core/Wekeza.Core.Application/Wekeza.Core.Application.csproj]
/home/runner/work/Wekeza/Wekeza/Core/Wekeza.Core.Application/Features/GeneralLedger/Commands/PostJournalEntry/PostJournalEntryHandler.cs(42,13): error CS0019: Operator '??' cannot be applied to operands of type 'Guid?' and 'string' [/home/runner/work/Wekeza/Wekeza/Core/Wekeza.Core.Application/Wekeza.Core.Application.csproj]
/home/runner/work/Wekeza/Wekeza/Core/Wekeza.Core.Application/Features/GeneralLedger/Commands/PostJournalEntry/PostJournalEntryHandler.cs(49,56): error CS1501: No overload for method 'GetByGLCodeAsync' takes 2 arguments [/home/runner/work/Wekeza/Wekeza/Core/Wekeza.Core.Application/Wekeza.Core.Application.csproj]
/home/runner/work/Wekeza/Wekeza/Core/Wekeza.Core.Application/Features/GeneralLedger/Commands/PostJournalEntry/PostJournalEntryHandler.cs(71,22): error CS0019: Operator '??' cannot be applied to operands of type 'Guid?' and 'string' [/home/runner/work/Wekeza/Wekeza/Core/Wekeza.Core.Application/Wekeza.Core.Application.csproj]
/home/runner/work/Wekeza/Wekeza/Core/Wekeza.Core.Application/Features/GeneralLedger/Commands/PostJournalEntry/PostJournalEntryHandler.cs(76,56): error CS1501: No overload for method 'GetByGLCodeAsync' takes 2 arguments [/home/runner/work/Wekeza/Wekeza/Core/Wekeza.Core.Application/Wekeza.Core.Application.csproj]
/home/runner/work/Wekeza/Wekeza/Core/Wekeza.Core.Application/Features/GeneralLedger/Queries/GetChartOfAccounts/GetChartOfAccountsHandler.cs(17,51): error CS1501: No overload for method 'GetChartOfAccountsAsync' takes 1 arguments [/home/runner/work/Wekeza/Wekeza/Core/Wekeza.Core.Application/Wekeza.Core.Application.csproj]
/home/runner/work/Wekeza/Wekeza/Core/Wekeza.Core.Application/Features/Instruments/Cards/Commands/WithdrawFromAtm/WithdrawFromAtmHandler.cs(33,26): error CS1729: 'NotFoundException' does not contain a constructor that takes 3 arguments [/home/runner/work/Wekeza/Wekeza/Core/Wekeza.Core.Application/Wekeza.Core.Application.csproj]
/home/runner/work/Wekeza/Wekeza/Core/Wekeza.Core.Application/Features/Instruments/Cards/Commands/WithdrawFromAtm/WithdrawFromAtmHandler.cs(44,26): error CS1729: 'NotFoundException' does not contain a constructor that takes 3 arguments [/home/runner/work/Wekeza/Wekeza/Core/Wekeza.Core.Application/Wekeza.Core.Application.csproj]
/home/runner/work/Wekeza/Wekeza/Core/Wekeza.Core.Application/Features/Instruments/Cards/Commands/WithdrawFromAtm/WithdrawFromAtmHandler.cs(61,29): error CS0117: 'TransactionType' does not contain a definition for 'Withdrawal' [/home/runner/work/Wekeza/Wekeza/Core/Wekeza.Core.Application/Wekeza.Core.Application.csproj]
/home/runner/work/Wekeza/Wekeza/Core/Wekeza.Core.Application/Features/Instruments/Cards/Commands/CancelCard/CancelCardHandler.cs(22,26): error CS1729: 'NotFoundException' does not contain a constructor that takes 3 arguments [/home/runner/work/Wekeza/Wekeza/Core/Wekeza.Core.Application/Wekeza.Core.Application.csproj]
/home/runner/work/Wekeza/Wekeza/Core/Wekeza.Core.Application/Features/GeneralLedger/Commands/CreateGLAccount/CreateGLAccountHandler.cs(27,49): error CS1061: 'IGLAccountRepository' does not contain a definition for 'ExistsByGLCodeAsync' and no accessible extension method 'ExistsByGLCodeAsync' accepting a first argument of type 'IGLAccountRepository' could be found (are you missing a using directive or an assembly reference?) [/home/runner/work/Wekeza/Wekeza/Core/Wekeza.Core.Application/Wekeza.Core.Application.csproj]
/home/runner/work/Wekeza/Wekeza/Core/Wekeza.Core.Application/Features/GeneralLedger/Commands/CreateGLAccount/CreateGLAccountHandler.cs(36,53): error CS1501: No overload for method 'GetByGLCodeAsync' takes 2 arguments [/home/runner/work/Wekeza/Wekeza/Core/Wekeza.Core.Application/Wekeza.Core.Application.csproj]
/home/runner/work/Wekeza/Wekeza/Core/Wekeza.Core.Application/Features/GeneralLedger/Commands/CreateGLAccount/CreateGLAccountHandler.cs(52,13): error CS0019: Operator '??' cannot be applied to operands of type 'Guid?' and 'string' [/home/runner/work/Wekeza/Wekeza/Core/Wekeza.Core.Application/Wekeza.Core.Application.csproj]
/home/runner/work/Wekeza/Wekeza/Core/Wekeza.Core.Application/Features/GeneralLedger/Commands/CreateGLAccount/CreateGLAccountHandler.cs(60,13): error CS0019: Operator '??' cannot be applied to operands of type 'Guid?' and 'string' [/home/runner/work/Wekeza/Wekeza/Core/Wekeza.Core.Application/Wekeza.Core.Application.csproj]
/home/runner/work/Wekeza/Wekeza/Core/Wekeza.Core.Application/Features/GeneralLedger/Commands/CreateGLAccount/CreateGLAccountHandler.cs(63,36): error CS1061: 'IGLAccountRepository' does not contain a definition for 'AddAsync' and no accessible extension method 'AddAsync' accepting a first argument of type 'IGLAccountRepository' could be found (are you missing a using directive or an assembly reference?) [/home/runner/work/Wekeza/Wekeza/Core/Wekeza.Core.Application/Wekeza.Core.Application.csproj]
/home/runner/work/Wekeza/Wekeza/Core/Wekeza.Core.Application/Features/Instruments/Cards/Commands/IssueCard/IssueCardHandler.cs(44,24): error CS1729: 'Card' does not contain a constructor that takes 5 arguments [/home/runner/work/Wekeza/Wekeza/Core/Wekeza.Core.Application/Wekeza.Core.Application.csproj]
/home/runner/work/Wekeza/Wekeza/Core/Wekeza.Core.Application/Features/CIF/Commands/CreateCorporateParty/CreateCorporatePartyHandler.cs(58,13): error CS0019: Operator '??' cannot be applied to operands of type 'Guid?' and 'string' [/home/runner/work/Wekeza/Wekeza/Core/Wekeza.Core.Application/Wekeza.Core.Application.csproj]
/home/runner/work/Wekeza/Wekeza/Core/Wekeza.Core.Application/Features/Loans/Commands/ProcessRepayment/ProcessRepaymentHandler.cs(58,54): error CS0019: Operator '??' cannot be applied to operands of type 'Guid?' and 'string' [/home/runner/work/Wekeza/Wekeza/Core/Wekeza.Core.Application/Wekeza.Core.Application.csproj]
/home/runner/work/Wekeza/Wekeza/Core/Wekeza.Core.Application/Features/Loans/Commands/ProcessRepayment/ProcessRepaymentHandler.cs(79,51): error CS0103: The name 'LoanStatus' does not exist in the current context [/home/runner/work/Wekeza/Wekeza/Core/Wekeza.Core.Application/Wekeza.Core.Application.csproj]
/home/runner/work/Wekeza/Wekeza/Core/Wekeza.Core.Application/Features/Loans/Commands/DisburseLoan/DisburseLoanHandler.cs(60,54): error CS0019: Operator '??' cannot be applied to operands of type 'Guid?' and 'string' [/home/runner/work/Wekeza/Wekeza/Core/Wekeza.Core.Application/Wekeza.Core.Application.csproj]
/home/runner/work/Wekeza/Wekeza/Core/Wekeza.Core.Application/Features/Products/Queries/GetProductDetails/GetProductDetailsHandler.cs(23,23): error CS1729: 'NotFoundException' does not contain a constructor that takes 3 arguments [/home/runner/work/Wekeza/Wekeza/Core/Wekeza.Core.Application/Wekeza.Core.Application.csproj]
/home/runner/work/Wekeza/Wekeza/Core/Wekeza.Core.Application/Features/Loans/Commands/ApproveLoan/ApproveLoanValidator.cs(13,24): error CS1061: 'ApproveLoanCommand' does not contain a definition for 'OfficerName' and no accessible extension method 'OfficerName' accepting a first argument of type 'ApproveLoanCommand' could be found (are you missing a using directive or an assembly reference?) [/home/runner/work/Wekeza/Wekeza/Core/Wekeza.Core.Application/Wekeza.Core.Application.csproj]
/home/runner/work/Wekeza/Wekeza/Core/Wekeza.Core.Application/Features/Loans/Commands/ApproveLoan/ApproveLoanHandler.cs(45,32): error CS0103: The name 'LoanStatus' does not exist in the current context [/home/runner/work/Wekeza/Wekeza/Core/Wekeza.Core.Application/Wekeza.Core.Application.csproj]
/home/runner/work/Wekeza/Wekeza/Core/Wekeza.Core.Application/Features/Loans/Commands/ApproveLoan/ApproveLoanHandler.cs(75,52): error CS0019: Operator '??' cannot be applied to operands of type 'Guid?' and 'string' [/home/runner/work/Wekeza/Wekeza/Core/Wekeza.Core.Application/Wekeza.Core.Application.csproj]
/home/runner/work/Wekeza/Wekeza/Core/Wekeza.Core.Application/Features/Loans/Commands/ApproveLoan/ApproveLoanHandler.cs(102,51): error CS1061: 'IWorkflowRepository' does not contain a definition for 'GetByEntityIdAsync' and no accessible extension method 'GetByEntityIdAsync' accepting a first argument of type 'IWorkflowRepository' could be found (are you missing a using directive or an assembly reference?) [/home/runner/work/Wekeza/Wekeza/Core/Wekeza.Core.Application/Wekeza.Core.Application.csproj]
/home/runner/work/Wekeza/Wekeza/Core/Wekeza.Core.Application/Features/Loans/Commands/ApproveLoan/ApproveLoanHandler.cs(103,73): error CS0103: The name 'WorkflowStatus' does not exist in the current context [/home/runner/work/Wekeza/Wekeza/Core/Wekeza.Core.Application/Wekeza.Core.Application.csproj]
/home/runner/work/Wekeza/Wekeza/Core/Wekeza.Core.Application/Features/Loans/Commands/ApproveLoan/ApproveLoanHandler.cs(109,33): error CS1061: 'IWorkflowRepository' does not contain a definition for 'UpdateWorkflow' and no accessible extension method 'UpdateWorkflow' accepting a first argument of type 'IWorkflowRepository' could be found (are you missing a using directive or an assembly reference?) [/home/runner/work/Wekeza/Wekeza/Core/Wekeza.Core.Application/Wekeza.Core.Application.csproj]
/home/runner/work/Wekeza/Wekeza/Core/Wekeza.Core.Application/Features/Products/Commands/ActivateProduct/ActivateProductHandler.cs(30,23): error CS1729: 'NotFoundException' does not contain a constructor that takes 3 arguments [/home/runner/work/Wekeza/Wekeza/Core/Wekeza.Core.Application/Wekeza.Core.Application.csproj]
/home/runner/work/Wekeza/Wekeza/Core/Wekeza.Core.Application/Features/Products/Commands/ActivateProduct/ActivateProductHandler.cs(33,26): error CS0019: Operator '??' cannot be applied to operands of type 'Guid?' and 'string' [/home/runner/work/Wekeza/Wekeza/Core/Wekeza.Core.Application/Wekeza.Core.Application.csproj]
/home/runner/work/Wekeza/Wekeza/Core/Wekeza.Core.Application/Features/Payments/Commands/ProcessPayment/ProcessPaymentHandler.cs(51,36): error CS0104: 'WorkflowType' is an ambiguous reference between 'Wekeza.Core.Domain.Aggregates.WorkflowType' and 'Wekeza.Core.Domain.Enums.WorkflowType' [/home/runner/work/Wekeza/Wekeza/Core/Wekeza.Core.Application/Wekeza.Core.Application.csproj]
/home/runner/work/Wekeza/Wekeza/Core/Wekeza.Core.Application/Features/Payments/Commands/ProcessPayment/ProcessPaymentHandler.cs(56,21): error CS0117: 'InitiateWorkflowCommand' does not contain a definition for 'Description' [/home/runner/work/Wekeza/Wekeza/Core/Wekeza.Core.Application/Wekeza.Core.Application.csproj]
/home/runner/work/Wekeza/Wekeza/Core/Wekeza.Core.Application/Features/Payments/Commands/ProcessPayment/ProcessPaymentHandler.cs(57,32): error CS0266: Cannot implicitly convert type 'Wekeza.Core.Domain.Enums.WorkflowPriority' to 'Wekeza.Core.Domain.Enums.Priority'. An explicit conversion exists (are you missing a cast?) [/home/runner/work/Wekeza/Wekeza/Core/Wekeza.Core.Application/Wekeza.Core.Application.csproj]
/home/runner/work/Wekeza/Wekeza/Core/Wekeza.Core.Application/Features/Payments/Commands/ProcessPayment/ProcessPaymentHandler.cs(58,21): error CS0117: 'InitiateWorkflowCommand' does not contain a definition for 'RequestedBy' [/home/runner/work/Wekeza/Wekeza/Core/Wekeza.Core.Application/Wekeza.Core.Application.csproj]
/home/runner/work/Wekeza/Wekeza/Core/Wekeza.Core.Application/Features/Payments/Commands/ProcessPayment/ProcessPaymentHandler.cs(62,65): error CS1061: 'Result<Guid>' does not contain a definition for 'WorkflowInstanceId' and no accessible extension method 'WorkflowInstanceId' accepting a first argument of type 'Result<Guid>' could be found (are you missing a using directive or an assembly reference?) [/home/runner/work/Wekeza/Wekeza/Core/Wekeza.Core.Application/Wekeza.Core.Application.csproj]
/home/runner/work/Wekeza/Wekeza/Core/Wekeza.Core.Application/Features/Payments/Commands/ProcessPayment/ProcessPaymentHandler.cs(73,57): error CS1061: 'Result<Guid>' does not contain a definition for 'WorkflowInstanceId' and no accessible extension method 'WorkflowInstanceId' accepting a first argument of type 'Result<Guid>' could be found (are you missing a using directive or an assembly reference?) [/home/runner/work/Wekeza/Wekeza/Core/Wekeza.Core.Application/Wekeza.Core.Application.csproj]
/home/runner/work/Wekeza/Wekeza/Core/Wekeza.Core.Application/Features/Loans/Commands/ApplyForLoan/ApplyForLoanHandler.cs(70,63): error CS1061: 'LimitConfiguration' does not contain a definition for 'MinAmount' and no accessible extension method 'MinAmount' accepting a first argument of type 'LimitConfiguration' could be found (are you missing a using directive or an assembly reference?) [/home/runner/work/Wekeza/Wekeza/Core/Wekeza.Core.Application/Wekeza.Core.Application.csproj]
/home/runner/work/Wekeza/Wekeza/Core/Wekeza.Core.Application/Features/Loans/Commands/ApplyForLoan/ApplyForLoanHandler.cs(72,112): error CS1061: 'LimitConfiguration' does not contain a definition for 'MinAmount' and no accessible extension method 'MinAmount' accepting a first argument of type 'LimitConfiguration' could be found (are you missing a using directive or an assembly reference?) [/home/runner/work/Wekeza/Wekeza/Core/Wekeza.Core.Application/Wekeza.Core.Application.csproj]
/home/runner/work/Wekeza/Wekeza/Core/Wekeza.Core.Application/Features/Loans/Commands/ApplyForLoan/ApplyForLoanHandler.cs(75,66): error CS1061: 'LimitConfiguration' does not contain a definition for 'MaxAmount' and no accessible extension method 'MaxAmount' accepting a first argument of type 'LimitConfiguration' could be found (are you missing a using directive or an assembly reference?) [/home/runner/work/Wekeza/Wekeza/Core/Wekeza.Core.Application/Wekeza.Core.Application.csproj]
/home/runner/work/Wekeza/Wekeza/Core/Wekeza.Core.Application/Features/Loans/Commands/ApplyForLoan/ApplyForLoanHandler.cs(77,114): error CS1061: 'LimitConfiguration' does not contain a definition for 'MaxAmount' and no accessible extension method 'MaxAmount' accepting a first argument of type 'LimitConfiguration' could be found (are you missing a using directive or an assembly reference?) [/home/runner/work/Wekeza/Wekeza/Core/Wekeza.Core.Application/Wekeza.Core.Application.csproj]
/home/runner/work/Wekeza/Wekeza/Core/Wekeza.Core.Application/Features/Loans/Commands/ApplyForLoan/ApplyForLoanHandler.cs(82,31): error CS0019: Operator '??' cannot be applied to operands of type 'Guid?' and 'string' [/home/runner/work/Wekeza/Wekeza/Core/Wekeza.Core.Application/Wekeza.Core.Application.csproj]
/home/runner/work/Wekeza/Wekeza/Core/Wekeza.Core.Application/Features/Loans/Commands/ApplyForLoan/ApplyForLoanHandler.cs(190,56): error CS1061: 'IWorkflowRepository' does not contain a definition for 'GetApprovalMatrixAsync' and no accessible extension method 'GetApprovalMatrixAsync' accepting a first argument of type 'IWorkflowRepository' could be found (are you missing a using directive or an assembly reference?) [/home/runner/work/Wekeza/Wekeza/Core/Wekeza.Core.Application/Wekeza.Core.Application.csproj]
/home/runner/work/Wekeza/Wekeza/Core/Wekeza.Core.Application/Features/Loans/Commands/ApplyForLoan/ApplyForLoanHandler.cs(203,39): error CS1061: 'IWorkflowRepository' does not contain a definition for 'AddWorkflowAsync' and no accessible extension method 'AddWorkflowAsync' accepting a first argument of type 'IWorkflowRepository' could be found (are you missing a using directive or an assembly reference?) [/home/runner/work/Wekeza/Wekeza/Core/Wekeza.Core.Application/Wekeza.Core.Application.csproj]
/home/runner/work/Wekeza/Wekeza/Core/Wekeza.Core.Application/Features/Reporting/Commands/GenerateRegulatoryReport/GenerateRegulatoryReportHandler.cs(137,49): error CS1061: 'IAccountRepository' does not contain a definition for 'GetAccountsByDateRangeAsync' and no accessible extension method 'GetAccountsByDateRangeAsync' accepting a first argument of type 'IAccountRepository' could be found (are you missing a using directive or an assembly reference?) [/home/runner/work/Wekeza/Wekeza/Core/Wekeza.Core.Application/Wekeza.Core.Application.csproj]
/home/runner/work/Wekeza/Wekeza/Core/Wekeza.Core.Application/Features/Reporting/Commands/GenerateRegulatoryReport/GenerateRegulatoryReportHandler.cs(149,43): error CS1061: 'ILoanRepository' does not contain a definition for 'GetLoansByDateRangeAsync' and no accessible extension method 'GetLoansByDateRangeAsync' accepting a first argument of type 'ILoanRepository' could be found (are you missing a using directive or an assembly reference?) [/home/runner/work/Wekeza/Wekeza/Core/Wekeza.Core.Application/Wekeza.Core.Application.csproj]
/home/runner/work/Wekeza/Wekeza/Core/Wekeza.Core.Application/Features/Payments/Commands/ProcessPayment/ProcessPaymentHandler.cs(162,13): error CS1503: Argument 5: cannot convert from 'System.Guid?' to 'string' [/home/runner/work/Wekeza/Wekeza/Core/Wekeza.Core.Application/Wekeza.Core.Application.csproj]
/home/runner/work/Wekeza/Wekeza/Core/Wekeza.Core.Application/Features/Reporting/Commands/GenerateRegulatoryReport/GenerateRegulatoryReportHandler.cs(167,57): error CS1061: 'ITransactionRepository' does not contain a definition for 'GetTransactionsByDateRangeAsync' and no accessible extension method 'GetTransactionsByDateRangeAsync' accepting a first argument of type 'ITransactionRepository' could be found (are you missing a using directive or an assembly reference?) [/home/runner/work/Wekeza/Wekeza/Core/Wekeza.Core.Application/Wekeza.Core.Application.csproj]
/home/runner/work/Wekeza/Wekeza/Core/Wekeza.Core.Application/Features/Payments/Commands/ProcessPayment/ProcessPaymentHandler.cs(199,13): error CS1503: Argument 9: cannot convert from 'System.Guid?' to 'string' [/home/runner/work/Wekeza/Wekeza/Core/Wekeza.Core.Application/Wekeza.Core.Application.csproj]
/home/runner/work/Wekeza/Wekeza/Core/Wekeza.Core.Application/Features/Payments/Commands/ProcessPayment/ProcessPaymentHandler.cs(209,31): error CS1503: Argument 2: cannot convert from 'System.Guid?' to 'string' [/home/runner/work/Wekeza/Wekeza/Core/Wekeza.Core.Application/Wekeza.Core.Application.csproj]
/home/runner/work/Wekeza/Wekeza/Core/Wekeza.Core.Application/Features/Payments/Commands/ProcessPayment/ProcessPaymentHandler.cs(211,31): error CS1503: Argument 2: cannot convert from 'System.Guid?' to 'string' [/home/runner/work/Wekeza/Wekeza/Core/Wekeza.Core.Application/Wekeza.Core.Application.csproj]
/home/runner/work/Wekeza/Wekeza/Core/Wekeza.Core.Application/Features/Reporting/Commands/GenerateRegulatoryReport/GenerateRegulatoryReportHandler.cs(198,57): error CS1061: 'ITransactionRepository' does not contain a definition for 'GetTransactionsByDateRangeAsync' and no accessible extension method 'GetTransactionsByDateRangeAsync' accepting a first argument of type 'ITransactionRepository' could be found (are you missing a using directive or an assembly reference?) [/home/runner/work/Wekeza/Wekeza/Core/Wekeza.Core.Application/Wekeza.Core.Application.csproj]
/home/runner/work/Wekeza/Wekeza/Core/Wekeza.Core.Application/Features/Teller/Commands/StartTellerSession/StartTellerSessionHandler.cs(61,21): error CS0019: Operator '??' cannot be applied to operands of type 'Guid?' and 'string' [/home/runner/work/Wekeza/Wekeza/Core/Wekeza.Core.Application/Wekeza.Core.Application.csproj]
/home/runner/work/Wekeza/Wekeza/Core/Wekeza.Core.Application/Features/Teller/Commands/StartTellerSession/StartTellerSessionHandler.cs(82,31): error CS0019: Operator '??' cannot be applied to operands of type 'Guid?' and 'string' [/home/runner/work/Wekeza/Wekeza/Core/Wekeza.Core.Application/Wekeza.Core.Application.csproj]
/home/runner/work/Wekeza/Wekeza/Core/Wekeza.Core.Application/Features/Teller/Commands/StartSession/StartTellerSessionHandler.cs(38,50): error CS1501: No overload for method 'GetByIdAsync' takes 2 arguments [/home/runner/work/Wekeza/Wekeza/Core/Wekeza.Core.Application/Wekeza.Core.Application.csproj]
/home/runner/work/Wekeza/Wekeza/Core/Wekeza.Core.Application/Features/Teller/Commands/StartSession/StartTellerSessionHandler.cs(45,66): error CS1061: 'ITellerSessionRepository' does not contain a definition for 'GetActiveSessionByUserAsync' and no accessible extension method 'GetActiveSessionByUserAsync' accepting a first argument of type 'ITellerSessionRepository' could be found (are you missing a using directive or an assembly reference?) [/home/runner/work/Wekeza/Wekeza/Core/Wekeza.Core.Application/Wekeza.Core.Application.csproj]
/home/runner/work/Wekeza/Wekeza/Core/Wekeza.Core.Application/Features/Teller/Commands/StartSession/StartTellerSessionHandler.cs(57,17): error CS1739: The best overload for 'Create' does not have a parameter named 'workstationId' [/home/runner/work/Wekeza/Wekeza/Core/Wekeza.Core.Application/Wekeza.Core.Application.csproj]
/home/runner/work/Wekeza/Wekeza/Core/Wekeza.Core.Application/Features/Teller/Commands/StartSession/StartTellerSessionHandler.cs(64,28): error CS1061: 'CashDrawer' does not contain a definition for 'SetDenomination' and no accessible extension method 'SetDenomination' accepting a first argument of type 'CashDrawer' could be found (are you missing a using directive or an assembly reference?) [/home/runner/work/Wekeza/Wekeza/Core/Wekeza.Core.Application/Wekeza.Core.Application.csproj]
/home/runner/work/Wekeza/Wekeza/Core/Wekeza.Core.Application/Features/Teller/Commands/StartSession/StartTellerSessionHandler.cs(71,17): error CS1739: The best overload for 'Start' does not have a parameter named 'workstationId' [/home/runner/work/Wekeza/Wekeza/Core/Wekeza.Core.Application/Wekeza.Core.Application.csproj]
/home/runner/work/Wekeza/Wekeza/Core/Wekeza.Core.Application/Features/Products/Commands/CreateProduct/CreateProductHandler.cs(40,17): error CS0019: Operator '??' cannot be applied to operands of type 'Guid?' and 'string' [/home/runner/work/Wekeza/Wekeza/Core/Wekeza.Core.Application/Wekeza.Core.Application.csproj]
/home/runner/work/Wekeza/Wekeza/Core/Wekeza.Core.Application/Features/Products/Commands/CreateProduct/CreateProductHandler.cs(46,17): error CS0019: Operator '??' cannot be applied to operands of type 'Guid?' and 'string' [/home/runner/work/Wekeza/Wekeza/Core/Wekeza.Core.Application/Wekeza.Core.Application.csproj]
/home/runner/work/Wekeza/Wekeza/Core/Wekeza.Core.Application/Features/TradeFinance/Queries/GetLCDetails/GetLCDetailsHandler.cs(49,24): error CS0029: Cannot implicitly convert type 'Wekeza.Core.Domain.ValueObjects.Currency' to 'string' [/home/runner/work/Wekeza/Wekeza/Core/Wekeza.Core.Application/Wekeza.Core.Application.csproj]
/home/runner/work/Wekeza/Wekeza/Core/Wekeza.Core.Application/Features/Transactions/Commands/WithdrawFunds/WithdrawFundsHandler.cs(26,26): error CS1729: 'NotFoundException' does not contain a constructor that takes 3 arguments [/home/runner/work/Wekeza/Wekeza/Core/Wekeza.Core.Application/Wekeza.Core.Application.csproj]
/home/runner/work/Wekeza/Wekeza/Core/Wekeza.Core.Application/Features/Transactions/Queries/GetStatement/GetStatementValidator.cs(15,24): error CS1061: 'GetStatementQuery' does not contain a definition for 'AccountNumber' and no accessible extension method 'AccountNumber' accepting a first argument of type 'GetStatementQuery' could be found (are you missing a using directive or an assembly reference?) [/home/runner/work/Wekeza/Wekeza/Core/Wekeza.Core.Application/Wekeza.Core.Application.csproj]
/home/runner/work/Wekeza/Wekeza/Core/Wekeza.Core.Application/Features/Transactions/Queries/GetStatement/GetStatementHandler.cs(23,61): error CS1061: 'ITransactionRepository' does not contain a definition for 'GetByAccountAsync' and no accessible extension method 'GetByAccountAsync' accepting a first argument of type 'ITransactionRepository' could be found (are you missing a using directive or an assembly reference?) [/home/runner/work/Wekeza/Wekeza/Core/Wekeza.Core.Application/Wekeza.Core.Application.csproj]
/home/runner/work/Wekeza/Wekeza/Core/Wekeza.Core.Application/Features/Transactions/Commands/TransferFunds/TransferFundsHandlerWithNexus.cs(47,29): error CS1061: 'TransferFundsCommand' does not contain a definition for 'UserId' and no accessible extension method 'UserId' accepting a first argument of type 'TransferFundsCommand' could be found (are you missing a using directive or an assembly reference?) [/home/runner/work/Wekeza/Wekeza/Core/Wekeza.Core.Application/Wekeza.Core.Application.csproj]
/home/runner/work/Wekeza/Wekeza/Core/Wekeza.Core.Application/Features/Transactions/Commands/TransferFunds/TransferFundsHandlerWithNexus.cs(54,33): error CS1061: 'TransferFundsCommand' does not contain a definition for 'DeviceInfo' and no accessible extension method 'DeviceInfo' accepting a first argument of type 'TransferFundsCommand' could be found (are you missing a using directive or an assembly reference?) [/home/runner/work/Wekeza/Wekeza/Core/Wekeza.Core.Application/Wekeza.Core.Application.csproj]
/home/runner/work/Wekeza/Wekeza/Core/Wekeza.Core.Application/Features/Transactions/Commands/TransferFunds/TransferFundsHandlerWithNexus.cs(55,37): error CS1061: 'TransferFundsCommand' does not contain a definition for 'BehavioralData' and no accessible extension method 'BehavioralData' accepting a first argument of type 'TransferFundsCommand' could be found (are you missing a using directive or an assembly reference?) [/home/runner/work/Wekeza/Wekeza/Core/Wekeza.Core.Application/Wekeza.Core.Application.csproj]
/home/runner/work/Wekeza/Wekeza/Core/Wekeza.Core.Application/Features/Transactions/Commands/TransferFunds/TransferFundsHandlerWithNexus.cs(56,30): error CS1061: 'TransferFundsCommand' does not contain a definition for 'Channel' and no accessible extension method 'Channel' accepting a first argument of type 'TransferFundsCommand' could be found (are you missing a using directive or an assembly reference?) [/home/runner/work/Wekeza/Wekeza/Core/Wekeza.Core.Application/Wekeza.Core.Application.csproj]
/home/runner/work/Wekeza/Wekeza/Core/Wekeza.Core.Application/Features/Transactions/Commands/TransferFunds/TransferFundsHandlerWithNexus.cs(57,32): error CS1061: 'TransferFundsCommand' does not contain a definition for 'SessionId' and no accessible extension method 'SessionId' accepting a first argument of type 'TransferFundsCommand' could be found (are you missing a using directive or an assembly reference?) [/home/runner/work/Wekeza/Wekeza/Core/Wekeza.Core.Application/Wekeza.Core.Application.csproj]
/home/runner/work/Wekeza/Wekeza/Core/Wekeza.Core.Application/Features/TradeFinance/Commands/IssueLCCommand/IssueLCHandler.cs(30,43): error CS1503: Argument 1: cannot convert from 'string' to 'System.Collections.Generic.IEnumerable<FluentValidation.Results.ValidationFailure>' [/home/runner/work/Wekeza/Wekeza/Core/Wekeza.Core.Application/Wekeza.Core.Application.csproj]
/home/runner/work/Wekeza/Wekeza/Core/Wekeza.Core.Application/Features/TradeFinance/Commands/IssueLCCommand/IssueLCHandler.cs(48,48): error CS1503: Argument 2: cannot convert from 'string' to 'Wekeza.Core.Domain.ValueObjects.Currency' [/home/runner/work/Wekeza/Wekeza/Core/Wekeza.Core.Application/Wekeza.Core.Application.csproj]
/home/runner/work/Wekeza/Wekeza/Core/Wekeza.Core.Application/Features/TradeFinance/Commands/IssueLCCommand/IssueLCHandler.cs(60,13): error CS1503: Argument 9: cannot convert from 'Wekeza.Core.Domain.Enums.LCType' to 'Wekeza.Core.Domain.Aggregates.LCType' [/home/runner/work/Wekeza/Wekeza/Core/Wekeza.Core.Application/Wekeza.Core.Application.csproj]
/home/runner/work/Wekeza/Wekeza/Core/Wekeza.Core.Application/Features/TradeFinance/Commands/IssueBGCommand/IssueBGHandler.cs(30,43): error CS1503: Argument 1: cannot convert from 'string' to 'System.Collections.Generic.IEnumerable<FluentValidation.Results.ValidationFailure>' [/home/runner/work/Wekeza/Wekeza/Core/Wekeza.Core.Application/Wekeza.Core.Application.csproj]
/home/runner/work/Wekeza/Wekeza/Core/Wekeza.Core.Application/Features/TradeFinance/Commands/IssueBGCommand/IssueBGHandler.cs(48,48): error CS1503: Argument 2: cannot convert from 'string' to 'Wekeza.Core.Domain.ValueObjects.Currency' [/home/runner/work/Wekeza/Wekeza/Core/Wekeza.Core.Application/Wekeza.Core.Application.csproj]
/home/runner/work/Wekeza/Wekeza/Core/Wekeza.Core.Application/Features/TradeFinance/Commands/IssueLCCommand/IssueLCCommand.cs(20,48): error CS0117: 'LCType' does not contain a definition for 'Irrevocable' [/home/runner/work/Wekeza/Wekeza/Core/Wekeza.Core.Application/Wekeza.Core.Application.csproj]
/home/runner/work/Wekeza/Wekeza/Core/Wekeza.Core.Application/Features/Transactions/Commands/DepositCheque/DepositChequeHandler.cs(27,26): error CS1729: 'NotFoundException' does not contain a constructor that takes 3 arguments [/home/runner/work/Wekeza/Wekeza/Core/Wekeza.Core.Application/Wekeza.Core.Application.csproj]
/home/runner/work/Wekeza/Wekeza/Core/Wekeza.Core.Application/Features/Transactions/Commands/DepositFunds/DepositFundsHandler.cs(28,26): error CS1729: 'NotFoundException' does not contain a constructor that takes 3 arguments [/home/runner/work/Wekeza/Wekeza/Core/Wekeza.Core.Application/Wekeza.Core.Application.csproj]
/home/runner/work/Wekeza/Wekeza/Core/Wekeza.Core.Application/Features/Transactions/Commands/DepositFunds/DepositFundsHandler.cs(45,29): error CS0117: 'TransactionType' does not contain a definition for 'Deposit' [/home/runner/work/Wekeza/Wekeza/Core/Wekeza.Core.Application/Wekeza.Core.Application.csproj]
